<?xml version="1.0" encoding="UTF-8"?>
<testsuite name="KarateRunner" tests="2" skipped="0" failures="1" errors="0" timestamp="2022-03-02T23:45:25" hostname="SOLINVICTUSPC" time="9.279">
  <properties/>
  <testcase name="testKarateTest()" classname="KarateRunner" time="8.249"/>
  <testcase name="testing the get call for User Details" classname="KarateRunner" time="0.396">
    <failure message="io.cucumber.junit.UndefinedStepException: The step 'url 'https://reqres.in/api/users/2'' and 5 other step(s) are undefined.&#10;You can implement these steps using the snippet(s) below:&#10;&#10;@Given(&quot;url {string}&quot;)&#10;public void url(String string) {&#10;    // Write code here that turns the phrase above into concrete actions&#10;    throw new io.cucumber.java.PendingException();&#10;}&#10;@When(&quot;method GET&quot;)&#10;public void method_get() {&#10;    // Write code here that turns the phrase above into concrete actions&#10;    throw new io.cucumber.java.PendingException();&#10;}&#10;@Then(&quot;status {int}&quot;)&#10;public void status(Integer int1) {&#10;    // Write code here that turns the phrase above into concrete actions&#10;    throw new io.cucumber.java.PendingException();&#10;}&#10;@Then(&quot;print response&quot;)&#10;public void print_response() {&#10;    // Write code here that turns the phrase above into concrete actions&#10;    throw new io.cucumber.java.PendingException();&#10;}&#10;@Given(&quot;def varName = {string}&quot;)&#10;public void def_var_name(String string) {&#10;    // Write code here that turns the phrase above into concrete actions&#10;    throw new io.cucumber.java.PendingException();&#10;}&#10;@Then(&quot;print varName&quot;)&#10;public void print_var_name() {&#10;    // Write code here that turns the phrase above into concrete actions&#10;    throw new io.cucumber.java.PendingException();&#10;}&#10;" type="io.cucumber.junit.UndefinedStepException">io.cucumber.junit.UndefinedStepException: The step 'url 'https://reqres.in/api/users/2'' and 5 other step(s) are undefined.
You can implement these steps using the snippet(s) below:

@Given(&quot;url {string}&quot;)
public void url(String string) {
    // Write code here that turns the phrase above into concrete actions
    throw new io.cucumber.java.PendingException();
}
@When(&quot;method GET&quot;)
public void method_get() {
    // Write code here that turns the phrase above into concrete actions
    throw new io.cucumber.java.PendingException();
}
@Then(&quot;status {int}&quot;)
public void status(Integer int1) {
    // Write code here that turns the phrase above into concrete actions
    throw new io.cucumber.java.PendingException();
}
@Then(&quot;print response&quot;)
public void print_response() {
    // Write code here that turns the phrase above into concrete actions
    throw new io.cucumber.java.PendingException();
}
@Given(&quot;def varName = {string}&quot;)
public void def_var_name(String string) {
    // Write code here that turns the phrase above into concrete actions
    throw new io.cucumber.java.PendingException();
}
@Then(&quot;print varName&quot;)
public void print_var_name() {
    // Write code here that turns the phrase above into concrete actions
    throw new io.cucumber.java.PendingException();
}

</failure>
  </testcase>
  <system-out><![CDATA[05:15:26.982 [Test worker] INFO  com.intuit.karate.Suite - backed up existing 'build\karate-reports' dir to: build\karate-reports_1646264726982
05:15:29.388 [pool-1-thread-1] DEBUG com.intuit.karate - request:
1 > GET https://reqres.in/api/users/2
1 > Host: reqres.in
1 > Connection: Keep-Alive
1 > User-Agent: Apache-HttpClient/4.5.13 (Java/1.8.0_202)
1 > Accept-Encoding: gzip,deflate


05:15:30.357 [pool-1-thread-1] DEBUG com.intuit.karate - response time in milliseconds: 969
1 < 200
1 < Date: Wed, 02 Mar 2022 23:45:35 GMT
1 < Content-Type: application/json; charset=utf-8
1 < Transfer-Encoding: chunked
1 < Connection: keep-alive
1 < X-Powered-By: Express
1 < Access-Control-Allow-Origin: *
1 < Etag: W/"118-pbdwwFo9SKNhD3Lx5iHJyngpq00"
1 < Via: 1.1 vegur
1 < Cache-Control: max-age=14400
1 < CF-Cache-Status: HIT
1 < Age: 5734
1 < Expect-CT: max-age=604800, report-uri="https://report-uri.cloudflare.com/cdn-cgi/beacon/expect-ct"
1 < Report-To: {"endpoints":[{"url":"https:\/\/a.nel.cloudflare.com\/report\/v3?s=2KlhtiFUZKD5mR%2B6HIVPrUH%2FW%2Fk8KnMqZS8aOjWYaLJZ4b6Siu%2Botf8ljvyDSEc2Jsu0y7tWm1UNTA8lQwka7mdeqGHkeeK1Mjgr8QiiDl%2Fa3dveh7a%2F8QQ2MZ8%3D"}],"group":"cf-nel","max_age":604800}
1 < NEL: {"success_fraction":0,"report_to":"cf-nel","max_age":604800}
1 < Vary: Accept-Encoding
1 < Server: cloudflare
1 < CF-RAY: 6e5e01c54a47f3fb-LHR
1 < alt-svc: h3=":443"; ma=86400, h3-29=":443"; ma=86400
{"data":{"id":2,"email":"janet.weaver@reqres.in","first_name":"Janet","last_name":"Weaver","avatar":"https://reqres.in/img/faces/2-image.jpg"},"support":{"url":"https://reqres.in/#support-heading","text":"To keep ReqRes free, contributions towards server costs are appreciated!"}}
05:15:30.545 [pool-1-thread-1] INFO  com.intuit.karate - [print] {
  "data": {
    "id": 2,
    "email": "janet.weaver@reqres.in",
    "first_name": "Janet",
    "last_name": "Weaver",
    "avatar": "https://reqres.in/img/faces/2-image.jpg"
  },
  "support": {
    "url": "https://reqres.in/#support-heading",
    "text": "To keep ReqRes free, contributions towards server costs are appreciated!"
  }
}
 
05:15:30.560 [pool-1-thread-1] INFO  com.intuit.karate - [print] -------------------------------value 
---------------------------------------------------------
feature: src/test/java/feature/features/feature1.feature
scenarios:  1 | passed:  1 | failed:  0 | time: 1.7073
---------------------------------------------------------

05:15:32.342 [pool-2-thread-1] INFO  com.intuit.karate.Suite - <<pass>> feature 1 of 1 (0 remaining) src/test/java/feature/features/feature1.feature
Karate version: 1.1.0
======================================================
elapsed:   6.39 | threads:    2 | thread time: 1.71 
features:     1 | skipped:    0 | efficiency: 0.13
scenarios:    1 | passed:     1 | failed: 0
======================================================

HTML report: (paste into browser to view) | Karate version: 1.1.0
file:///C:/Users/SOL%20INVICTUS/IdeaProjects/KarateReporting/build/karate-reports/karate-summary.html
===================================================================

________________
target
build\karate-reports
[C:\Users\SOL INVICTUS\IdeaProjects\KarateReporting\build\karate-reports\src.test.java.feature.features.feature1.json]
________________

Scenario: testing the get call for User Details              ?[90m# src/test/java/feature/features/feature1.feature:3?[0m
  ?[33mGiven ?[0m?[33murl 'https://reqres.in/api/users/2'?[0m                  ?[90m# null?[0m
  ?[36mWhen ?[0m?[36mmethod GET?[0m                                            ?[90m# null?[0m
  ?[36mThen ?[0m?[36mstatus 200?[0m                                            ?[90m# null?[0m
  ?[36mThen ?[0m?[36mprint response?[0m                                        ?[90m# null?[0m
  ?[36mGiven ?[0m?[36mdef varName = '-------------------------------value'?[0m ?[90m# null?[0m
  ?[36mThen ?[0m?[36mprint varName?[0m                                         ?[90m# null?[0m
]]></system-out>
  <system-err><![CDATA[Mar 03, 2022 5:15:33 AM net.masterthought.cucumber.ReportParser parseJsonFiles
INFO: File 'C:\Users\SOL INVICTUS\IdeaProjects\KarateReporting\build\karate-reports\src.test.java.feature.features.feature1.json' contains 1 features
?[32m?[1m?????????????????????????????????????????????????????????????????????????????[0m
?[32m?[1m??[0m View your Cucumber Report at:                                            ?[32m?[1m??[0m
?[32m?[1m??[0m ?[1m?[36m?[4mhttps://reports.cucumber.io/reports/e4f0cba7-3f76-481f-94ca-22d427385bea?[0m ?[32m?[1m??[0m
?[32m?[1m??[0m                                                                          ?[32m?[1m??[0m
?[32m?[1m??[0m ?[1mThis report will self-destruct in 24h.?[0m                                   ?[32m?[1m??[0m
?[32m?[1m??[0m Keep reports forever: ?[4m?[1m?[36mhttps://reports.cucumber.io/profile?[0m                ?[32m?[1m??[0m
?[32m?[1m?????????????????????????????????????????????????????????????????????????????[0m]]></system-err>
</testsuite>
